<?xml version="1.0" encoding="UTF-8"?>
<!-- Generated by org.testng.reporters.JUnitReportReporter -->
<testsuite hostname="E0252272" name="loginPageServices.VerifyLoginPageServices" tests="4" failures="0" timestamp="2 Jul 2019 10:26:59 GMT" time="110.776" errors="0">
  <testcase name="verifyFacebookLiteOption" time="14.994" classname="loginPageServices.VerifyLoginPageServices"/>
  <testcase name="verifySignup" time="33.674" classname="loginPageServices.VerifyLoginPageServices"/>
  <testcase name="verifyMessengerOption" time="17.384" classname="loginPageServices.VerifyLoginPageServices"/>
  <testcase name="verifyWatchOption" time="44.724" classname="loginPageServices.VerifyLoginPageServices"/>
</testsuite> <!-- loginPageServices.VerifyLoginPageServices -->
