<?xml version="1.0" encoding="UTF-8"?>
<!-- Generated by org.testng.reporters.JUnitReportReporter -->
<testsuite hostname="E0252272" name="authentication.LoginCheck" tests="1" failures="0" timestamp="1 Jul 2019 11:51:55 GMT" time="73.537" errors="0">
  <testcase name="testLogin" time="73.537" classname="authentication.LoginCheck"/>
</testsuite> <!-- authentication.LoginCheck -->
