<?xml version="1.0" encoding="UTF-8"?>
<!-- Generated by org.testng.reporters.JUnitReportReporter -->
<testsuite hostname="E0252272" name="facebook.LoginCheck" tests="1" failures="0" timestamp="23 Jun 2019 07:16:11 GMT" time="12.224" errors="0">
  <testcase name="testLogin" time="12.224" classname="facebook.LoginCheck"/>
</testsuite> <!-- facebook.LoginCheck -->
