<?xml version="1.0" encoding="UTF-8"?>
<!-- Generated by org.testng.reporters.JUnitReportReporter -->
<testsuite hostname="E0252272" name="loginPageServices.VerifySignup" tests="1" failures="0" timestamp="25 Jun 2019 04:30:49 GMT" time="40.376" errors="0">
  <testcase name="verifySignup" time="40.376" classname="loginPageServices.VerifySignup"/>
</testsuite> <!-- loginPageServices.VerifySignup -->
