<?xml version="1.0" encoding="UTF-8"?>
<!-- Generated by org.testng.reporters.JUnitReportReporter -->
<testsuite hostname="E0252272" name="facebook.InvalidCredsCheck" tests="2" failures="0" timestamp="23 Jun 2019 07:16:11 GMT" time="9.773" errors="0">
  <testcase name="testInvalidPassword" time="4.961" classname="facebook.InvalidCredsCheck"/>
  <testcase name="testInvalidUserName" time="4.812" classname="facebook.InvalidCredsCheck"/>
</testsuite> <!-- facebook.InvalidCredsCheck -->
