<?xml version="1.0" encoding="UTF-8"?>
<!-- Generated by org.testng.reporters.JUnitReportReporter -->
<testsuite hostname="E0252272" name="facebook.LoginCheck" tests="1" failures="0" timestamp="18 Jun 2019 09:26:42 GMT" time="58.908" errors="0">
  <testcase name="testLogin" time="58.908" classname="facebook.LoginCheck"/>
</testsuite> <!-- facebook.LoginCheck -->
